DEBUG:chdkptp.lua:rc chunk get 1 0
DEBUG:chdkptp.lua:rc chunk size:426332 offset:nil last:true
DEBUG:chdkptp.lua:rc chunk get 1 0
DEBUG:chdkptp.lua:rc chunk size:1461760 offset:17920 last:false
DEBUG:chdkptp.lua:rc chunk get 1 1
DEBUG:chdkptp.lua:rc chunk size:1479168 offset:nil last:false
DEBUG:chdkptp.lua:rc chunk get 1 2
DEBUG:chdkptp.lua:rc chunk size:438928 offset:nil last:false
DEBUG:chdkptp.lua:rc chunk get 1 3
DEBUG:chdkptp.lua:rc chunk size:17920 offset:0 last:true
DEBUG:chdkptp.lua:rc chunk get 1 0
DEBUG:chdkptp.lua:rc chunk size:411280 offset:nil last:true
DEBUG:chdkptp.lua:rc chunk get 1 0
DEBUG:chdkptp.lua:rc chunk size:1461760 offset:17920 last:false
DEBUG:chdkptp.lua:rc chunk get 1 1
DEBUG:chdkptp.lua:rc chunk size:1479168 offset:nil last:false
DEBUG:chdkptp.lua:rc chunk get 1 2
DEBUG:chdkptp.lua:rc chunk size:439530 offset:nil last:false
DEBUG:chdkptp.lua:rc chunk get 1 3
DEBUG:chdkptp.lua:rc chunk size:17920 offset:0 last:true
DEBUG:chdkptp.lua:rc chunk get 1 0
DEBUG:chdkptp.lua:rc chunk size:425909 offset:nil last:true
DEBUG:chdkptp.lua:rc chunk get 1 0
DEBUG:chdkptp.lua:rc chunk size:1461760 offset:17920 last:false
DEBUG:chdkptp.lua:rc chunk get 1 1
DEBUG:chdkptp.lua:rc chunk size:1479168 offset:nil last:false
DEBUG:chdkptp.lua:rc chunk get 1 2
DEBUG:chdkptp.lua:rc chunk size:428542 offset:nil last:false
DEBUG:chdkptp.lua:rc chunk get 1 3
DEBUG:chdkptp.lua:rc chunk size:17920 offset:0 last:true
DEBUG:chdkptp.lua:rc chunk get 1 0
DEBUG:chdkptp.lua:rc chunk size:424011 offset:nil last:true
DEBUG:chdkptp.lua:rc chunk get 1 0
DEBUG:chdkptp.lua:rc chunk size:1461760 offset:17920 last:false
DEBUG:chdkptp.lua:rc chunk get 1 1
DEBUG:chdkptp.lua:rc chunk size:1479168 offset:nil last:false
DEBUG:chdkptp.lua:rc chunk get 1 2
DEBUG:chdkptp.lua:rc chunk size:387700 offset:nil last:false
DEBUG:chdkptp.lua:rc chunk get 1 3
DEBUG:chdkptp.lua:rc chunk size:17920 offset:0 last:true
DEBUG:chdkptp.lua:rc chunk get 1 0
DEBUG:chdkptp.lua:rc chunk size:435752 offset:nil last:true
DEBUG:chdkptp.lua:rc chunk get 1 0
DEBUG:chdkptp.lua:rc chunk size:1461760 offset:17920 last:false
DEBUG:chdkptp.lua:rc chunk get 1 1
DEBUG:chdkptp.lua:rc chunk size:1479168 offset:nil last:false
DEBUG:chdkptp.lua:rc chunk get 1 2
DEBUG:chdkptp.lua:rc chunk size:450062 offset:nil last:false
DEBUG:chdkptp.lua:rc chunk get 1 3
DEBUG:chdkptp.lua:rc chunk size:17920 offset:0 last:true
DEBUG:chdkptp.lua:rc chunk get 1 0
DEBUG:chdkptp.lua:rc chunk size:437042 offset:nil last:true
DEBUG:chdkptp.lua:rc chunk get 1 0
DEBUG:chdkptp.lua:rc chunk size:1461760 offset:17920 last:false
DEBUG:chdkptp.lua:rc chunk get 1 1
DEBUG:chdkptp.lua:rc chunk size:1479168 offset:nil last:false
DEBUG:chdkptp.lua:rc chunk get 1 2
DEBUG:chdkptp.lua:rc chunk size:431636 offset:nil last:false
DEBUG:chdkptp.lua:rc chunk get 1 3
DEBUG:chdkptp.lua:rc chunk size:17920 offset:0 last:true
DEBUG:chdkptp.lua:rc chunk get 1 0
DEBUG:chdkptp.lua:rc chunk size:416682 offset:nil last:true
DEBUG:chdkptp.lua:rc chunk get 1 0
DEBUG:chdkptp.lua:rc chunk size:1461760 offset:17920 last:false
DEBUG:chdkptp.lua:rc chunk get 1 1
DEBUG:chdkptp.lua:rc chunk size:1479168 offset:nil last:false
DEBUG:chdkptp.lua:rc chunk get 1 2
DEBUG:chdkptp.lua:rc chunk size:436422 offset:nil last:false
DEBUG:chdkptp.lua:rc chunk get 1 3
DEBUG:chdkptp.lua:rc chunk size:17920 offset:0 last:true
DEBUG:chdkptp.lua:rc chunk get 1 0
DEBUG:chdkptp.lua:rc chunk size:406528 offset:nil last:false
DEBUG:chdkptp.lua:rc chunk get 1 1
DEBUG:chdkptp.lua:rc chunk size:16069 offset:nil last:true
DEBUG:chdkptp.lua:rc chunk get 1 0
DEBUG:chdkptp.lua:rc chunk size:862287 offset:nil last:true
DEBUG:chdkptp.lua:rc chunk get 1 0
DEBUG:chdkptp.lua:rc chunk size:422124 offset:nil last:true
DEBUG:chdkptp.lua:rc chunk get 1 0
DEBUG:chdkptp.lua:rc chunk size:872613 offset:nil last:true
DEBUG:chdkptp.lua:rc chunk get 1 0
DEBUG:chdkptp.lua:rc chunk size:438700 offset:nil last:true
DEBUG:chdkptp.lua:rc chunk get 1 0
DEBUG:chdkptp.lua:rc chunk size:869949 offset:nil last:true
DEBUG:chdkptp.lua:rc chunk get 1 0
DEBUG:chdkptp.lua:rc chunk size:329553 offset:nil last:true
DEBUG:chdkptp.lua:rc chunk get 1 0
DEBUG:chdkptp.lua:rc chunk size:352768 offset:nil last:false
DEBUG:chdkptp.lua:rc chunk get 1 1
DEBUG:chdkptp.lua:rc chunk size:501745 offset:nil last:true
DEBUG:chdkptp.lua:rc chunk get 1 0
DEBUG:chdkptp.lua:rc chunk size:425580 offset:nil last:true
DEBUG:chdkptp.lua:rc chunk get 1 0
DEBUG:chdkptp.lua:rc chunk size:873180 offset:nil last:true
DEBUG:chdkptp.lua:rc chunk get 1 0
DEBUG:chdkptp.lua:rc chunk size:426418 offset:nil last:true
DEBUG:chdkptp.lua:rc chunk get 1 0
DEBUG:chdkptp.lua:rc chunk size:860224 offset:nil last:true
DEBUG:chdkptp.lua:rc chunk get 1 0
DEBUG:chdkptp.lua:rc chunk size:423714 offset:nil last:true
DEBUG:chdkptp.lua:rc chunk get 1 0
DEBUG:chdkptp.lua:rc chunk size:1481484 offset:nil last:true
DEBUG:chdkptp.lua:rc chunk get 1 0
DEBUG:chdkptp.lua:rc chunk size:432414 offset:nil last:true
DEBUG:chdkptp.lua:rc chunk get 1 0
DEBUG:chdkptp.lua:rc chunk size:1477120 offset:nil last:false
DEBUG:chdkptp.lua:rc chunk get 1 1
DEBUG:chdkptp.lua:rc chunk size:2799 offset:nil last:true
DEBUG:chdkptp.lua:rc chunk get 1 0
DEBUG:chdkptp.lua:rc chunk size:440117 offset:nil last:true
DEBUG:chdkptp.lua:rc chunk get 1 0
DEBUG:chdkptp.lua:rc chunk size:1326520 offset:nil last:true
DEBUG:chdkptp.lua:rc chunk get 1 0
DEBUG:chdkptp.lua:rc chunk size:412468 offset:nil last:true
DEBUG:chdkptp.lua:rc chunk get 1 0
DEBUG:chdkptp.lua:rc chunk size:1461760 offset:17920 last:false
DEBUG:chdkptp.lua:rc chunk get 1 1
DEBUG:chdkptp.lua:rc chunk size:1479168 offset:nil last:false
DEBUG:chdkptp.lua:rc chunk get 1 2
DEBUG:chdkptp.lua:rc chunk size:792018 offset:nil last:false
DEBUG:chdkptp.lua:rc chunk get 1 3
DEBUG:chdkptp.lua:rc chunk size:17920 offset:0 last:true
DEBUG:chdkptp.lua:rc chunk get 1 0
DEBUG:chdkptp.lua:rc chunk size:1461760 offset:17920 last:false
DEBUG:chdkptp.lua:rc chunk get 1 1
DEBUG:chdkptp.lua:rc chunk size:1479168 offset:nil last:false
DEBUG:chdkptp.lua:rc chunk get 1 2
DEBUG:chdkptp.lua:rc chunk size:377593 offset:nil last:false
DEBUG:chdkptp.lua:rc chunk get 1 3
DEBUG:chdkptp.lua:rc chunk size:17920 offset:0 last:true
DEBUG:chdkptp.lua:rc chunk get 1 0
DEBUG:chdkptp.lua:rc chunk size:1461760 offset:17920 last:false
DEBUG:chdkptp.lua:rc chunk get 1 1
DEBUG:chdkptp.lua:rc chunk size:1479168 offset:nil last:false
DEBUG:chdkptp.lua:rc chunk get 1 2
DEBUG:chdkptp.lua:rc chunk size:1020223 offset:nil last:false
DEBUG:chdkptp.lua:rc chunk get 1 3
DEBUG:chdkptp.lua:rc chunk size:17920 offset:0 last:true
DEBUG:chdkptp.lua:rc chunk get 1 0
DEBUG:chdkptp.lua:rc chunk size:1461760 offset:17920 last:false
DEBUG:chdkptp.lua:rc chunk get 1 1
DEBUG:chdkptp.lua:rc chunk size:1479168 offset:nil last:false
DEBUG:chdkptp.lua:rc chunk get 1 2
DEBUG:chdkptp.lua:rc chunk size:559854 offset:nil last:false
DEBUG:chdkptp.lua:rc chunk get 1 3
DEBUG:chdkptp.lua:rc chunk size:17920 offset:0 last:true
DEBUG:chdkptp.lua:rc chunk get 1 0
DEBUG:chdkptp.lua:rc chunk size:1461760 offset:17920 last:false
DEBUG:chdkptp.lua:rc chunk get 1 1
DEBUG:chdkptp.lua:rc chunk size:1479168 offset:nil last:false
DEBUG:chdkptp.lua:rc chunk get 1 2
DEBUG:chdkptp.lua:rc chunk size:1037583 offset:nil last:false
DEBUG:chdkptp.lua:rc chunk get 1 3
DEBUG:chdkptp.lua:rc chunk size:17920 offset:0 last:true
DEBUG:chdkptp.lua:rc chunk get 1 0
DEBUG:chdkptp.lua:rc chunk size:1461760 offset:17920 last:false
DEBUG:chdkptp.lua:rc chunk get 1 1
DEBUG:chdkptp.lua:rc chunk size:1479168 offset:nil last:false
DEBUG:chdkptp.lua:rc chunk get 1 2
DEBUG:chdkptp.lua:rc chunk size:395360 offset:nil last:false
DEBUG:chdkptp.lua:rc chunk get 1 3
DEBUG:chdkptp.lua:rc chunk size:17920 offset:0 last:true
DEBUG:chdkptp.lua:rc chunk get 1 0
DEBUG:chdkptp.lua:rc chunk size:1461760 offset:17920 last:false
DEBUG:chdkptp.lua:rc chunk get 1 1
DEBUG:chdkptp.lua:rc chunk size:1479168 offset:nil last:false
DEBUG:chdkptp.lua:rc chunk get 1 2
DEBUG:chdkptp.lua:rc chunk size:764271 offset:nil last:false
DEBUG:chdkptp.lua:rc chunk get 1 3
DEBUG:chdkptp.lua:rc chunk size:17920 offset:0 last:true
DEBUG:chdkptp.lua:rc chunk get 1 0
DEBUG:chdkptp.lua:rc chunk size:1461760 offset:17920 last:false
DEBUG:chdkptp.lua:rc chunk get 1 1
DEBUG:chdkptp.lua:rc chunk size:1479168 offset:nil last:false
DEBUG:chdkptp.lua:rc chunk get 1 2
DEBUG:chdkptp.lua:rc chunk size:409013 offset:nil last:false
DEBUG:chdkptp.lua:rc chunk get 1 3
DEBUG:chdkptp.lua:rc chunk size:17920 offset:0 last:true
DEBUG:chdkptp.lua:rc chunk get 1 0
DEBUG:chdkptp.lua:rc chunk size:1461760 offset:17920 last:false
DEBUG:chdkptp.lua:rc chunk get 1 1
DEBUG:chdkptp.lua:rc chunk size:1479168 offset:nil last:false
DEBUG:chdkptp.lua:rc chunk get 1 2
DEBUG:chdkptp.lua:rc chunk size:570001 offset:nil last:false
DEBUG:chdkptp.lua:rc chunk get 1 3
DEBUG:chdkptp.lua:rc chunk size:17920 offset:0 last:true
DEBUG:chdkptp.lua:rc chunk get 1 0
DEBUG:chdkptp.lua:rc chunk size:1461760 offset:17920 last:false
DEBUG:chdkptp.lua:rc chunk get 1 1
DEBUG:chdkptp.lua:rc chunk size:1479168 offset:nil last:false
DEBUG:chdkptp.lua:rc chunk get 1 2
DEBUG:chdkptp.lua:rc chunk size:347114 offset:nil last:false
DEBUG:chdkptp.lua:rc chunk get 1 3
DEBUG:chdkptp.lua:rc chunk size:17920 offset:0 last:true
DEBUG:chdkptp.lua:rc chunk get 1 0
DEBUG:chdkptp.lua:rc chunk size:1461248 offset:nil last:false
DEBUG:chdkptp.lua:rc chunk get 1 1
DEBUG:chdkptp.lua:rc chunk size:1044977 offset:nil last:true
DEBUG:chdkptp.lua:rc chunk get 1 0
DEBUG:chdkptp.lua:rc chunk size:1461760 offset:17920 last:false
DEBUG:chdkptp.lua:rc chunk get 1 1
DEBUG:chdkptp.lua:rc chunk size:1479168 offset:nil last:false
DEBUG:chdkptp.lua:rc chunk get 1 2
DEBUG:chdkptp.lua:rc chunk size:223478 offset:nil last:false
DEBUG:chdkptp.lua:rc chunk get 1 3
DEBUG:chdkptp.lua:rc chunk size:17920 offset:0 last:true
DEBUG:chdkptp.lua:rc chunk get 1 0
DEBUG:chdkptp.lua:rc chunk size:1913856 offset:nil last:false
DEBUG:chdkptp.lua:rc chunk get 1 1
DEBUG:chdkptp.lua:rc chunk size:604362 offset:nil last:true
DEBUG:chdkptp.lua:rc chunk get 1 0
DEBUG:chdkptp.lua:rc chunk size:1461760 offset:17920 last:false
DEBUG:chdkptp.lua:rc chunk get 1 1
DEBUG:chdkptp.lua:rc chunk size:1479168 offset:nil last:false
DEBUG:chdkptp.lua:rc chunk get 1 2
DEBUG:chdkptp.lua:rc chunk size:292768 offset:nil last:false
DEBUG:chdkptp.lua:rc chunk get 1 3
DEBUG:chdkptp.lua:rc chunk size:17920 offset:0 last:true
DEBUG:chdkptp.lua:rc chunk get 1 0
DEBUG:chdkptp.lua:rc chunk size:1461760 offset:17920 last:false
DEBUG:chdkptp.lua:rc chunk get 1 1
DEBUG:chdkptp.lua:rc chunk size:1479168 offset:nil last:false
DEBUG:chdkptp.lua:rc chunk get 1 2
DEBUG:chdkptp.lua:rc chunk size:626848 offset:nil last:false
DEBUG:chdkptp.lua:rc chunk get 1 3
DEBUG:chdkptp.lua:rc chunk size:17920 offset:0 last:true
DEBUG:chdkptp.lua:rc chunk get 1 0
DEBUG:chdkptp.lua:rc chunk size:1461760 offset:17920 last:false
DEBUG:chdkptp.lua:rc chunk get 1 1
DEBUG:chdkptp.lua:rc chunk size:1479168 offset:nil last:false
DEBUG:chdkptp.lua:rc chunk get 1 2
DEBUG:chdkptp.lua:rc chunk size:317162 offset:nil last:false
DEBUG:chdkptp.lua:rc chunk get 1 3
DEBUG:chdkptp.lua:rc chunk size:17920 offset:0 last:true
DEBUG:chdkptp.lua:rc chunk get 1 0
DEBUG:chdkptp.lua:rc chunk size:1461760 offset:17920 last:false
DEBUG:chdkptp.lua:rc chunk get 1 1
DEBUG:chdkptp.lua:rc chunk size:1479168 offset:nil last:false
DEBUG:chdkptp.lua:rc chunk get 1 2
DEBUG:chdkptp.lua:rc chunk size:613655 offset:nil last:false
DEBUG:chdkptp.lua:rc chunk get 1 3
DEBUG:chdkptp.lua:rc chunk size:17920 offset:0 last:true
DEBUG:chdkptp.lua:rc chunk get 1 0
DEBUG:chdkptp.lua:rc chunk size:1461760 offset:17920 last:false
DEBUG:chdkptp.lua:rc chunk get 1 1
DEBUG:chdkptp.lua:rc chunk size:1479168 offset:nil last:false
DEBUG:chdkptp.lua:rc chunk get 1 2
DEBUG:chdkptp.lua:rc chunk size:307247 offset:nil last:false
DEBUG:chdkptp.lua:rc chunk get 1 3
DEBUG:chdkptp.lua:rc chunk size:17920 offset:0 last:true
DEBUG:chdkptp.lua:rc chunk get 1 0
DEBUG:chdkptp.lua:rc chunk size:1461760 offset:17920 last:false
DEBUG:chdkptp.lua:rc chunk get 1 1
DEBUG:chdkptp.lua:rc chunk size:1479168 offset:nil last:false
DEBUG:chdkptp.lua:rc chunk get 1 2
DEBUG:chdkptp.lua:rc chunk size:536246 offset:nil last:false
DEBUG:chdkptp.lua:rc chunk get 1 3
DEBUG:chdkptp.lua:rc chunk size:17920 offset:0 last:true
DEBUG:chdkptp.lua:rc chunk get 1 0
DEBUG:chdkptp.lua:rc chunk size:1461760 offset:17920 last:false
DEBUG:chdkptp.lua:rc chunk get 1 1
DEBUG:chdkptp.lua:rc chunk size:1479168 offset:nil last:false
DEBUG:chdkptp.lua:rc chunk get 1 2
DEBUG:chdkptp.lua:rc chunk size:314873 offset:nil last:false
DEBUG:chdkptp.lua:rc chunk get 1 3
DEBUG:chdkptp.lua:rc chunk size:17920 offset:0 last:true
DEBUG:chdkptp.lua:rc chunk get 1 0
DEBUG:chdkptp.lua:rc chunk size:1461760 offset:17920 last:false
DEBUG:chdkptp.lua:rc chunk get 1 1
DEBUG:chdkptp.lua:rc chunk size:1479168 offset:nil last:false
DEBUG:chdkptp.lua:rc chunk get 1 2
DEBUG:chdkptp.lua:rc chunk size:531353 offset:nil last:false
DEBUG:chdkptp.lua:rc chunk get 1 3
DEBUG:chdkptp.lua:rc chunk size:17920 offset:0 last:true
DEBUG:chdkptp.lua:rc chunk get 1 0
DEBUG:chdkptp.lua:rc chunk get 1 0
DEBUG:chdkptp.lua:rc chunk size:1461760 offset:17920 last:false
DEBUG:chdkptp.lua:rc chunk get 1 1
DEBUG:chdkptp.lua:rc chunk size:1461760 offset:17920 last:false
DEBUG:chdkptp.lua:rc chunk get 1 1
DEBUG:chdkptp.lua:rc chunk size:1479168 offset:nil last:false
DEBUG:chdkptp.lua:rc chunk get 1 2
DEBUG:chdkptp.lua:rc chunk size:1479168 offset:nil last:false
DEBUG:chdkptp.lua:rc chunk get 1 2
DEBUG:chdkptp.lua:rc chunk size:318057 offset:nil last:false
DEBUG:chdkptp.lua:rc chunk get 1 3
DEBUG:chdkptp.lua:rc chunk size:497113 offset:nil last:false
DEBUG:chdkptp.lua:rc chunk get 1 3
DEBUG:chdkptp.lua:rc chunk size:17920 offset:0 last:true
DEBUG:chdkptp.lua:rc chunk size:17920 offset:0 last:true
DEBUG:chdkptp.lua:rc chunk get 1 0
DEBUG:chdkptp.lua:rc chunk size:1461760 offset:17920 last:false
DEBUG:chdkptp.lua:rc chunk get 1 1
DEBUG:chdkptp.lua:rc chunk size:1479168 offset:nil last:false
DEBUG:chdkptp.lua:rc chunk get 1 2
DEBUG:chdkptp.lua:rc chunk size:321544 offset:nil last:false
DEBUG:chdkptp.lua:rc chunk get 1 3
DEBUG:chdkptp.lua:rc chunk get 1 0
DEBUG:chdkptp.lua:rc chunk size:17920 offset:0 last:true
DEBUG:chdkptp.lua:rc chunk size:1461760 offset:17920 last:false
DEBUG:chdkptp.lua:rc chunk get 1 1
DEBUG:chdkptp.lua:rc chunk size:1479168 offset:nil last:false
DEBUG:chdkptp.lua:rc chunk get 1 2
DEBUG:chdkptp.lua:rc chunk size:558255 offset:nil last:false
DEBUG:chdkptp.lua:rc chunk get 1 3
DEBUG:chdkptp.lua:rc chunk size:17920 offset:0 last:true
DEBUG:chdkptp.lua:rc chunk get 1 0
DEBUG:chdkptp.lua:rc chunk size:1461760 offset:17920 last:false
DEBUG:chdkptp.lua:rc chunk get 1 1
DEBUG:chdkptp.lua:rc chunk size:1479168 offset:nil last:false
DEBUG:chdkptp.lua:rc chunk get 1 2
DEBUG:chdkptp.lua:rc chunk size:254574 offset:nil last:false
DEBUG:chdkptp.lua:rc chunk get 1 3
DEBUG:chdkptp.lua:rc chunk get 1 0
DEBUG:chdkptp.lua:rc chunk size:17920 offset:0 last:true
DEBUG:chdkptp.lua:rc chunk size:1461248 offset:nil last:false
DEBUG:chdkptp.lua:rc chunk get 1 1
DEBUG:chdkptp.lua:rc chunk size:443777 offset:nil last:true
DEBUG:chdkptp.lua:rc chunk get 1 0
DEBUG:chdkptp.lua:rc chunk size:1461760 offset:17920 last:false
DEBUG:chdkptp.lua:rc chunk get 1 1
DEBUG:chdkptp.lua:rc chunk size:1479168 offset:nil last:false
DEBUG:chdkptp.lua:rc chunk get 1 2
DEBUG:chdkptp.lua:rc chunk size:279164 offset:nil last:false
DEBUG:chdkptp.lua:rc chunk get 1 3
DEBUG:chdkptp.lua:rc chunk size:17920 offset:0 last:true
DEBUG:chdkptp.lua:rc chunk get 1 0
DEBUG:chdkptp.lua:rc chunk size:1461760 offset:17920 last:false
DEBUG:chdkptp.lua:rc chunk get 1 1
DEBUG:chdkptp.lua:rc chunk size:1479168 offset:nil last:false
DEBUG:chdkptp.lua:rc chunk get 1 2
DEBUG:chdkptp.lua:rc chunk size:523819 offset:nil last:false
DEBUG:chdkptp.lua:rc chunk get 1 3
DEBUG:chdkptp.lua:rc chunk size:17920 offset:0 last:true
DEBUG:chdkptp.lua:rc chunk get 1 0
DEBUG:chdkptp.lua:rc chunk size:1461248 offset:nil last:false
DEBUG:chdkptp.lua:rc chunk get 1 1
DEBUG:chdkptp.lua:rc chunk size:460087 offset:nil last:true
DEBUG:chdkptp.lua:rc chunk get 1 0
DEBUG:chdkptp.lua:rc chunk size:1461760 offset:17920 last:false
DEBUG:chdkptp.lua:rc chunk get 1 1
DEBUG:chdkptp.lua:rc chunk size:1479168 offset:nil last:false
DEBUG:chdkptp.lua:rc chunk get 1 2
DEBUG:chdkptp.lua:rc chunk size:629352 offset:nil last:false
DEBUG:chdkptp.lua:rc chunk get 1 3
DEBUG:chdkptp.lua:rc chunk size:17920 offset:0 last:true
DEBUG:chdkptp.lua:rc chunk get 1 0
DEBUG:chdkptp.lua:rc chunk size:1995464 offset:nil last:true
DEBUG:chdkptp.lua:rc chunk get 1 0
DEBUG:chdkptp.lua:rc chunk size:1461760 offset:17920 last:false
DEBUG:chdkptp.lua:rc chunk get 1 1
DEBUG:chdkptp.lua:rc chunk size:1479168 offset:nil last:false
DEBUG:chdkptp.lua:rc chunk get 1 2
DEBUG:chdkptp.lua:rc chunk size:619731 offset:nil last:false
DEBUG:chdkptp.lua:rc chunk get 1 3
DEBUG:chdkptp.lua:rc chunk size:17920 offset:0 last:true
DEBUG:chdkptp.lua:rc chunk get 1 0
DEBUG:chdkptp.lua:rc chunk size:1924661 offset:nil last:true
DEBUG:chdkptp.lua:rc chunk get 1 0
DEBUG:chdkptp.lua:rc chunk size:1461760 offset:17920 last:false
DEBUG:chdkptp.lua:rc chunk get 1 1
DEBUG:chdkptp.lua:rc chunk size:1479168 offset:nil last:false
DEBUG:chdkptp.lua:rc chunk get 1 2
DEBUG:chdkptp.lua:rc chunk size:577321 offset:nil last:false
DEBUG:chdkptp.lua:rc chunk get 1 3
DEBUG:chdkptp.lua:rc chunk size:17920 offset:0 last:true
DEBUG:chdkptp.lua:rc chunk get 1 0
DEBUG:chdkptp.lua:rc chunk size:1033728 offset:nil last:false
DEBUG:chdkptp.lua:rc chunk get 1 1
DEBUG:chdkptp.lua:rc chunk size:886996 offset:nil last:true
DEBUG:chdkptp.lua:rc chunk get 1 0
DEBUG:chdkptp.lua:rc chunk size:1461760 offset:17920 last:false
DEBUG:chdkptp.lua:rc chunk get 1 1
DEBUG:chdkptp.lua:rc chunk size:1479168 offset:nil last:false
DEBUG:chdkptp.lua:rc chunk get 1 2
DEBUG:chdkptp.lua:rc chunk size:594247 offset:nil last:false
DEBUG:chdkptp.lua:rc chunk get 1 3
DEBUG:chdkptp.lua:rc chunk size:17920 offset:0 last:true
DEBUG:chdkptp.lua:rc chunk get 1 0
DEBUG:chdkptp.lua:rc chunk get 1 0
DEBUG:chdkptp.lua:rc chunk size:1461760 offset:17920 last:false
DEBUG:chdkptp.lua:rc chunk get 1 1
DEBUG:chdkptp.lua:rc chunk size:1123393 offset:nil last:true
DEBUG:chdkptp.lua:rc chunk size:1479168 offset:nil last:false
DEBUG:chdkptp.lua:rc chunk get 1 2
DEBUG:chdkptp.lua:rc chunk size:382595 offset:nil last:false
DEBUG:chdkptp.lua:rc chunk get 1 3
DEBUG:chdkptp.lua:rc chunk size:17920 offset:0 last:true
DEBUG:chdkptp.lua:rc chunk get 1 0
DEBUG:chdkptp.lua:rc chunk get 1 0
DEBUG:chdkptp.lua:rc chunk size:1461760 offset:17920 last:false
DEBUG:chdkptp.lua:rc chunk get 1 1
DEBUG:chdkptp.lua:rc chunk size:1110235 offset:nil last:true
DEBUG:chdkptp.lua:rc chunk size:1479168 offset:nil last:false
DEBUG:chdkptp.lua:rc chunk get 1 2
DEBUG:chdkptp.lua:rc chunk size:377948 offset:nil last:false
DEBUG:chdkptp.lua:rc chunk get 1 3
DEBUG:chdkptp.lua:rc chunk size:17920 offset:0 last:true
DEBUG:chdkptp.lua:rc chunk get 1 0
DEBUG:chdkptp.lua:rc chunk get 1 0
DEBUG:chdkptp.lua:rc chunk size:1461760 offset:17920 last:false
DEBUG:chdkptp.lua:rc chunk get 1 1
DEBUG:chdkptp.lua:rc chunk size:724480 offset:nil last:false
DEBUG:chdkptp.lua:rc chunk get 1 1
DEBUG:chdkptp.lua:rc chunk size:385300 offset:nil last:true
DEBUG:chdkptp.lua:rc chunk size:1479168 offset:nil last:false
DEBUG:chdkptp.lua:rc chunk get 1 2
DEBUG:chdkptp.lua:rc chunk size:382670 offset:nil last:false
DEBUG:chdkptp.lua:rc chunk get 1 3
DEBUG:chdkptp.lua:rc chunk size:17920 offset:0 last:true
DEBUG:chdkptp.lua:rc chunk get 1 0
DEBUG:chdkptp.lua:rc chunk size:1461760 offset:17920 last:false
DEBUG:chdkptp.lua:rc chunk get 1 1
DEBUG:chdkptp.lua:rc chunk size:1479168 offset:nil last:false
DEBUG:chdkptp.lua:rc chunk get 1 2
DEBUG:chdkptp.lua:rc chunk size:353468 offset:nil last:false
DEBUG:chdkptp.lua:rc chunk get 1 3
DEBUG:chdkptp.lua:rc chunk size:17920 offset:0 last:true
DEBUG:chdkptp.lua:rc chunk get 1 0
DEBUG:chdkptp.lua:rc chunk size:1103781 offset:nil last:true
DEBUG:chdkptp.lua:rc chunk get 1 0
DEBUG:chdkptp.lua:rc chunk size:1461760 offset:17920 last:false
DEBUG:chdkptp.lua:rc chunk get 1 1
DEBUG:chdkptp.lua:rc chunk size:1479168 offset:nil last:false
DEBUG:chdkptp.lua:rc chunk get 1 2
DEBUG:chdkptp.lua:rc chunk size:345214 offset:nil last:false
DEBUG:chdkptp.lua:rc chunk get 1 3
DEBUG:chdkptp.lua:rc chunk size:17920 offset:0 last:true
DEBUG:chdkptp.lua:rc chunk get 1 0
DEBUG:chdkptp.lua:rc chunk size:1044813 offset:nil last:true
DEBUG:chdkptp.lua:rc chunk get 1 0
DEBUG:chdkptp.lua:rc chunk size:1461760 offset:17920 last:false
DEBUG:chdkptp.lua:rc chunk get 1 1
DEBUG:chdkptp.lua:rc chunk get 1 0
DEBUG:chdkptp.lua:rc chunk size:424448 offset:nil last:false
DEBUG:chdkptp.lua:rc chunk get 1 1
DEBUG:chdkptp.lua:rc chunk size:634806 offset:nil last:true
DEBUG:chdkptp.lua:rc chunk size:1479168 offset:nil last:false
DEBUG:chdkptp.lua:rc chunk get 1 2
DEBUG:chdkptp.lua:rc chunk size:347368 offset:nil last:false
DEBUG:chdkptp.lua:rc chunk get 1 3
DEBUG:chdkptp.lua:rc chunk size:17920 offset:0 last:true
DEBUG:chdkptp.lua:rc chunk get 1 0
DEBUG:chdkptp.lua:rc chunk size:1461760 offset:17920 last:false
DEBUG:chdkptp.lua:rc chunk get 1 1
DEBUG:chdkptp.lua:rc chunk size:1479168 offset:nil last:false
DEBUG:chdkptp.lua:rc chunk get 1 2
DEBUG:chdkptp.lua:rc chunk get 1 0
DEBUG:chdkptp.lua:rc chunk size:337953 offset:nil last:false
DEBUG:chdkptp.lua:rc chunk get 1 3
DEBUG:chdkptp.lua:rc chunk size:1127698 offset:nil last:true
DEBUG:chdkptp.lua:rc chunk size:17920 offset:0 last:true
DEBUG:chdkptp.lua:rc chunk get 1 0
DEBUG:chdkptp.lua:rc chunk get 1 0
DEBUG:chdkptp.lua:rc chunk size:654892 offset:nil last:true
DEBUG:chdkptp.lua:rc chunk size:1461760 offset:17920 last:false
DEBUG:chdkptp.lua:rc chunk get 1 1
DEBUG:chdkptp.lua:rc chunk size:1479168 offset:nil last:false
DEBUG:chdkptp.lua:rc chunk get 1 2
DEBUG:chdkptp.lua:rc chunk size:251065 offset:nil last:false
DEBUG:chdkptp.lua:rc chunk get 1 3
DEBUG:chdkptp.lua:rc chunk size:17920 offset:0 last:true
DEBUG:chdkptp.lua:rc chunk get 1 0
DEBUG:chdkptp.lua:rc chunk size:2399105 offset:nil last:true
DEBUG:chdkptp.lua:rc chunk get 1 0
DEBUG:chdkptp.lua:rc chunk get 1 0
DEBUG:chdkptp.lua:rc chunk size:1461760 offset:17920 last:false
DEBUG:chdkptp.lua:rc chunk get 1 1
DEBUG:chdkptp.lua:rc chunk size:2657373 offset:nil last:true
DEBUG:chdkptp.lua:rc chunk size:1479168 offset:nil last:false
DEBUG:chdkptp.lua:rc chunk get 1 2
DEBUG:chdkptp.lua:rc chunk size:504743 offset:nil last:false
DEBUG:chdkptp.lua:rc chunk get 1 3
DEBUG:chdkptp.lua:rc chunk size:17920 offset:0 last:true
DEBUG:chdkptp.lua:rc chunk get 1 0
DEBUG:chdkptp.lua:rc chunk size:1461760 offset:17920 last:false
DEBUG:chdkptp.lua:rc chunk get 1 1
DEBUG:chdkptp.lua:rc chunk size:1479168 offset:nil last:false
DEBUG:chdkptp.lua:rc chunk get 1 2
DEBUG:chdkptp.lua:rc chunk size:574674 offset:nil last:false
DEBUG:chdkptp.lua:rc chunk get 1 3
DEBUG:chdkptp.lua:rc chunk size:17920 offset:0 last:true
DEBUG:chdkptp.lua:rc chunk get 1 0
DEBUG:chdkptp.lua:rc chunk size:301056 offset:nil last:false
DEBUG:chdkptp.lua:rc chunk get 1 1
DEBUG:chdkptp.lua:rc chunk size:2472226 offset:nil last:true
DEBUG:chdkptp.lua:rc chunk get 1 0
DEBUG:chdkptp.lua:rc chunk size:1461760 offset:17920 last:false
DEBUG:chdkptp.lua:rc chunk get 1 1
DEBUG:chdkptp.lua:rc chunk size:1479168 offset:nil last:false
DEBUG:chdkptp.lua:rc chunk get 1 2
DEBUG:chdkptp.lua:rc chunk size:673872 offset:nil last:false
DEBUG:chdkptp.lua:rc chunk get 1 3
DEBUG:chdkptp.lua:rc chunk size:17920 offset:0 last:true
DEBUG:chdkptp.lua:rc chunk get 1 0
DEBUG:chdkptp.lua:rc chunk size:486400 offset:nil last:false
DEBUG:chdkptp.lua:rc chunk get 1 1
DEBUG:chdkptp.lua:rc chunk size:2196770 offset:nil last:true
DEBUG:chdkptp.lua:rc chunk get 1 0
DEBUG:chdkptp.lua:rc chunk size:1461760 offset:17920 last:false
DEBUG:chdkptp.lua:rc chunk get 1 1
DEBUG:chdkptp.lua:rc chunk size:1479168 offset:nil last:false
DEBUG:chdkptp.lua:rc chunk get 1 2
DEBUG:chdkptp.lua:rc chunk size:705569 offset:nil last:false
DEBUG:chdkptp.lua:rc chunk get 1 3
DEBUG:chdkptp.lua:rc chunk size:17920 offset:0 last:true
DEBUG:chdkptp.lua:rc chunk get 1 0
DEBUG:chdkptp.lua:rc chunk size:761856 offset:nil last:false
DEBUG:chdkptp.lua:rc chunk get 1 1
DEBUG:chdkptp.lua:rc chunk size:1877644 offset:nil last:true
DEBUG:chdkptp.lua:rc chunk get 1 0
DEBUG:chdkptp.lua:rc chunk get 1 0
DEBUG:chdkptp.lua:rc chunk size:1080832 offset:nil last:false
DEBUG:chdkptp.lua:rc chunk get 1 1
DEBUG:chdkptp.lua:rc chunk size:1461760 offset:17920 last:false
DEBUG:chdkptp.lua:rc chunk get 1 1
DEBUG:chdkptp.lua:rc chunk size:1625544 offset:nil last:true
DEBUG:chdkptp.lua:rc chunk size:1479168 offset:nil last:false
DEBUG:chdkptp.lua:rc chunk get 1 2
DEBUG:chdkptp.lua:rc chunk size:582230 offset:nil last:false
DEBUG:chdkptp.lua:rc chunk get 1 3
DEBUG:chdkptp.lua:rc chunk size:17920 offset:0 last:true
DEBUG:chdkptp.lua:rc chunk get 1 0
DEBUG:chdkptp.lua:rc chunk get 1 0
DEBUG:chdkptp.lua:rc chunk size:1461760 offset:17920 last:false
DEBUG:chdkptp.lua:rc chunk get 1 1
DEBUG:chdkptp.lua:rc chunk size:1479168 offset:nil last:false
DEBUG:chdkptp.lua:rc chunk size:2716839 offset:nil last:true
DEBUG:chdkptp.lua:rc chunk get 1 2
DEBUG:chdkptp.lua:rc chunk size:564431 offset:nil last:false
DEBUG:chdkptp.lua:rc chunk get 1 3
DEBUG:chdkptp.lua:rc chunk size:17920 offset:0 last:true
DEBUG:chdkptp.lua:rc chunk get 1 0
DEBUG:chdkptp.lua:rc chunk size:1035211 offset:nil last:true
DEBUG:chdkptp.lua:rc chunk get 1 0
DEBUG:chdkptp.lua:rc chunk size:1461760 offset:17920 last:false
DEBUG:chdkptp.lua:rc chunk get 1 1
DEBUG:chdkptp.lua:rc chunk size:1479168 offset:nil last:false
DEBUG:chdkptp.lua:rc chunk get 1 2
DEBUG:chdkptp.lua:rc chunk size:510351 offset:nil last:false
DEBUG:chdkptp.lua:rc chunk get 1 3
DEBUG:chdkptp.lua:rc chunk size:17920 offset:0 last:true
DEBUG:chdkptp.lua:rc chunk get 1 0
DEBUG:chdkptp.lua:rc chunk get 1 0
DEBUG:chdkptp.lua:rc chunk size:1461248 offset:nil last:false
DEBUG:chdkptp.lua:rc chunk get 1 1
DEBUG:chdkptp.lua:rc chunk size:552829 offset:nil last:true
DEBUG:chdkptp.lua:rc chunk size:1030009 offset:nil last:true
DEBUG:chdkptp.lua:rc chunk get 1 0
DEBUG:chdkptp.lua:rc chunk size:2002936 offset:nil last:true
DEBUG:chdkptp.lua:rc chunk get 1 0
DEBUG:chdkptp.lua:rc chunk size:893440 offset:nil last:false
DEBUG:chdkptp.lua:rc chunk get 1 1
DEBUG:chdkptp.lua:rc chunk size:137999 offset:nil last:true
DEBUG:chdkptp.lua:rc chunk get 4 0
DEBUG:chdkptp.lua:rc chunk size:1344 offset:nil last:true
DEBUG:chdkptp.lua:rc chunk get 4 0
DEBUG:chdkptp.lua:rc chunk size:1344 offset:nil last:true
DEBUG:chdkptp.lua:dng 4704x3504x12
DEBUG:chdkptp.lua:patching badpixels:
DEBUG:chdkptp.lua:970
DEBUG:chdkptp.lua:creating thumb: 128x96
DEBUG:chdkptp.lua:dng 4704x3504x12
DEBUG:chdkptp.lua:patching badpixels:
DEBUG:chdkptp.lua:953
DEBUG:chdkptp.lua:creating thumb: 128x96
DEBUG:chdkptp.lua:rc chunk get 4 0
DEBUG:chdkptp.lua:rc chunk size:1344 offset:nil last:true
DEBUG:chdkptp.lua:rc chunk get 4 0
DEBUG:chdkptp.lua:rc chunk size:1344 offset:nil last:true
DEBUG:chdkptp.lua:dng 4704x3504x12
DEBUG:chdkptp.lua:patching badpixels:
DEBUG:chdkptp.lua:dng 4704x3504x12
DEBUG:chdkptp.lua:patching badpixels:
DEBUG:chdkptp.lua:970
DEBUG:chdkptp.lua:creating thumb: 128x96
DEBUG:chdkptp.lua:954
DEBUG:chdkptp.lua:creating thumb: 128x96
